
> boss@0.0.0 build
> tsc -b && vite build

src/components/RightSidebar.tsx(1,18): error TS6133: 'AnimatePresence' is declared but its value is never read.
src/components/RightSidebar.tsx(2,28): error TS2307: Cannot find module '../../store/uiStore' or its corresponding type declarations.
src/components/RightSidebar.tsx(5,10): error TS6133: 'X' is declared but its value is never read.
src/components/RightSidebar.tsx(5,30): error TS6133: 'PanelRightOpen' is declared but its value is never read.
src/components/widgets/CalendarWidget.tsx(2,100): error TS6133: 'isSameDay' is declared but its value is never read.
src/components/widgets/CalendarWidget.tsx(8,11): error TS6133: 'today' is declared but its value is never read.
src/components/widgets/CalendarWidget.tsx(45,33): error TS6133: 'dayIdx' is declared but its value is never read.
src/components/widgets/TimeHubWidget.tsx(211,11): error TS6133: 'progress' is declared but its value is never read.
